<?xml version="1.0" encoding="UTF-8"?>
<testng-results skipped="0" failed="0" total="1" passed="1">
  <reporter-output>
  </reporter-output>
  <suite name="Surefire suite" duration-ms="16" started-at="2015-04-06T21:58:36Z" finished-at="2015-04-06T21:58:36Z">
    <groups>
    </groups>
    <test name="Surefire test" duration-ms="16" started-at="2015-04-06T21:58:36Z" finished-at="2015-04-06T21:58:36Z">
      <class name="GoogleTest.AppTest">
        <test-method status="PASS" signature="testApp()" name="testApp" duration-ms="6" started-at="2015-04-06T21:58:36Z" finished-at="2015-04-06T21:58:36Z">
        </test-method>
      </class>
    </test>
  </suite>
</testng-results>
