<?xml version="1.0" encoding="UTF-8"?>
<testng-results skipped="0" failed="0" total="1" passed="1">
  <reporter-output>
  </reporter-output>
  <suite name="Surefire suite" duration-ms="17558" started-at="2015-04-06T21:58:19Z" finished-at="2015-04-06T21:58:36Z">
    <groups>
    </groups>
    <test name="Surefire test" duration-ms="17558" started-at="2015-04-06T21:58:19Z" finished-at="2015-04-06T21:58:36Z">
      <class name="com.googleUK.testcases.CreateAccountTest">
        <test-method status="PASS" signature="init()" name="init" is-config="true" duration-ms="3242" started-at="2015-04-06T21:58:19Z" finished-at="2015-04-06T21:58:22Z">
        </test-method>
        <test-method status="PASS" signature="validateMesage()" name="validateMesage" duration-ms="13001" started-at="2015-04-06T21:58:22Z" finished-at="2015-04-06T21:58:35Z">
        </test-method>
        <test-method status="PASS" signature="closeBrowser()" name="closeBrowser" is-config="true" duration-ms="1303" started-at="2015-04-06T21:58:35Z" finished-at="2015-04-06T21:58:36Z">
        </test-method>
      </class>
    </test>
  </suite>
</testng-results>
